# JRE version: OpenJDK Runtime Environment (Zulu 8.52.0.23-CA-win64) (8.0_282-b08) (build 1.8.0_282-b08)
# Java VM: OpenJDK 64-Bit Server VM (25.282-b08 mixed mode windows-amd64 compressed oops)
Heap:
 PSYoungGen      total 137728K, used 113382K [0x00000000d5580000, 0x00000000de880000, 0x0000000100000000)
  eden space 129536K, 85% used [0x00000000d5580000,0x00000000dc18b0f0,0x00000000dd400000)
  from space 8192K, 33% used [0x00000000ddd80000,0x00000000de02ea30,0x00000000de580000)
  to   space 9728K, 0% used [0x00000000dd400000,0x00000000dd400000,0x00000000ddd80000)
 ParOldGen       total 49152K, used 8480K [0x0000000080000000, 0x0000000083000000, 0x00000000d5580000)
  object space 49152K, 17% used [0x0000000080000000,0x0000000080848220,0x0000000083000000)
 Metaspace       used 26323K, capacity 26712K, committed 27008K, reserved 1073152K
  class space    used 3035K, capacity 3183K, committed 3200K, reserved 1048576K
GC Heap History (10 events):
Event: 2.829 GC heap before
{Heap before GC invocations=5 (full 0):
 PSYoungGen      total 70656K, used 70654K [0x00000000d5580000, 0x00000000d9f80000, 0x0000000100000000)
  eden space 65536K, 100% used [0x00000000d5580000,0x00000000d9580000,0x00000000d9580000)
  from space 5120K, 99% used [0x00000000d9a80000,0x00000000d9f7fbc8,0x00000000d9f80000)
  to   space 5120K, 0% used [0x00000000d9580000,0x00000000d9580000,0x00000000d9a80000)
 ParOldGen       total 86016K, used 193K [0x0000000080000000, 0x0000000085400000, 0x00000000d5580000)
  object space 86016K, 0% used [0x0000000080000000,0x0000000080030688,0x0000000085400000)
 Metaspace       used 17010K, capacity 17216K, committed 17536K, reserved 1064960K
  class space    used 1823K, capacity 1908K, committed 1920K, reserved 1048576K
Event: 2.837 GC heap after
Heap after GC invocations=5 (full 0):
 PSYoungGen      total 70656K, used 5098K [0x00000000d5580000, 0x00000000de580000, 0x0000000100000000)
  eden space 65536K, 0% used [0x00000000d5580000,0x00000000d5580000,0x00000000d9580000)
  from space 5120K, 99% used [0x00000000d9580000,0x00000000d9a7ab08,0x00000000d9a80000)
  to   space 8192K, 0% used [0x00000000ddd80000,0x00000000ddd80000,0x00000000de580000)
 ParOldGen       total 86016K, used 3515K [0x0000000080000000, 0x0000000085400000, 0x00000000d5580000)
  object space 86016K, 4% used [0x0000000080000000,0x000000008036ef50,0x0000000085400000)
 Metaspace       used 17010K, capacity 17216K, committed 17536K, reserved 1064960K
  class space    used 1823K, capacity 1908K, committed 1920K, reserved 1048576K
}
Event: 3.718 GC heap before
{Heap before GC invocations=6 (full 0):
 PSYoungGen      total 70656K, used 70634K [0x00000000d5580000, 0x00000000de580000, 0x0000000100000000)
  eden space 65536K, 100% used [0x00000000d5580000,0x00000000d9580000,0x00000000d9580000)
  from space 5120K, 99% used [0x00000000d9580000,0x00000000d9a7ab08,0x00000000d9a80000)
  to   space 8192K, 0% used [0x00000000ddd80000,0x00000000ddd80000,0x00000000de580000)
 ParOldGen       total 86016K, used 3515K [0x0000000080000000, 0x0000000085400000, 0x00000000d5580000)
  object space 86016K, 4% used [0x0000000080000000,0x000000008036ef50,0x0000000085400000)
 Metaspace       used 20680K, capacity 20970K, committed 21296K, reserved 1069056K
  class space    used 2295K, capacity 2389K, committed 2432K, reserved 1048576K
Event: 3.730 GC heap after
Heap after GC invocations=6 (full 0):
 PSYoungGen      total 137728K, used 8164K [0x00000000d5580000, 0x00000000de880000, 0x0000000100000000)
  eden space 129536K, 0% used [0x00000000d5580000,0x00000000d5580000,0x00000000dd400000)
  from space 8192K, 99% used [0x00000000ddd80000,0x00000000de579370,0x00000000de580000)
  to   space 9728K, 0% used [0x00000000dd400000,0x00000000dd400000,0x00000000ddd80000)
 ParOldGen       total 86016K, used 4349K [0x0000000080000000, 0x0000000085400000, 0x00000000d5580000)
  object space 86016K, 5% used [0x0000000080000000,0x000000008043f7a8,0x0000000085400000)
 Metaspace       used 20680K, capacity 20970K, committed 21296K, reserved 1069056K
  class space    used 2295K, capacity 2389K, committed 2432K, reserved 1048576K
}
Event: 3.753 GC heap before
{Heap before GC invocations=7 (full 0):
 PSYoungGen      total 137728K, used 10747K [0x00000000d5580000, 0x00000000de880000, 0x0000000100000000)
  eden space 129536K, 1% used [0x00000000d5580000,0x00000000d5805b98,0x00000000dd400000)
  from space 8192K, 99% used [0x00000000ddd80000,0x00000000de579370,0x00000000de580000)
  to   space 9728K, 0% used [0x00000000dd400000,0x00000000dd400000,0x00000000ddd80000)
 ParOldGen       total 86016K, used 4349K [0x0000000080000000, 0x0000000085400000, 0x00000000d5580000)
  object space 86016K, 5% used [0x0000000080000000,0x000000008043f7a8,0x0000000085400000)
 Metaspace       used 20805K, capacity 21074K, committed 21296K, reserved 1069056K
  class space    used 2311K, capacity 2423K, committed 2432K, reserved 1048576K
Event: 3.762 GC heap after
Heap after GC invocations=7 (full 0):
 PSYoungGen      total 139264K, used 4119K [0x00000000d5580000, 0x00000000de880000, 0x0000000100000000)
  eden space 129536K, 0% used [0x00000000d5580000,0x00000000d5580000,0x00000000dd400000)
  from space 9728K, 42% used [0x00000000dd400000,0x00000000dd805df8,0x00000000ddd80000)
  to   space 8192K, 0% used [0x00000000ddd80000,0x00000000ddd80000,0x00000000de580000)
 ParOldGen       total 86016K, used 7358K [0x0000000080000000, 0x0000000085400000, 0x00000000d5580000)
  object space 86016K, 8% used [0x0000000080000000,0x000000008072f9e0,0x0000000085400000)
 Metaspace       used 20805K, capacity 21074K, committed 21296K, reserved 1069056K
  class space    used 2311K, capacity 2423K, committed 2432K, reserved 1048576K
}
Event: 3.762 GC heap before
{Heap before GC invocations=8 (full 1):
 PSYoungGen      total 139264K, used 4119K [0x00000000d5580000, 0x00000000de880000, 0x0000000100000000)
  eden space 129536K, 0% used [0x00000000d5580000,0x00000000d5580000,0x00000000dd400000)
  from space 9728K, 42% used [0x00000000dd400000,0x00000000dd805df8,0x00000000ddd80000)
  to   space 8192K, 0% used [0x00000000ddd80000,0x00000000ddd80000,0x00000000de580000)
 ParOldGen       total 86016K, used 7358K [0x0000000080000000, 0x0000000085400000, 0x00000000d5580000)
  object space 86016K, 8% used [0x0000000080000000,0x000000008072f9e0,0x0000000085400000)
 Metaspace       used 20805K, capacity 21074K, committed 21296K, reserved 1069056K
  class space    used 2311K, capacity 2423K, committed 2432K, reserved 1048576K
Event: 3.811 GC heap after
Heap after GC invocations=8 (full 1):
 PSYoungGen      total 139264K, used 0K [0x00000000d5580000, 0x00000000de880000, 0x0000000100000000)
  eden space 129536K, 0% used [0x00000000d5580000,0x00000000d5580000,0x00000000dd400000)
  from space 9728K, 0% used [0x00000000dd400000,0x00000000dd400000,0x00000000ddd80000)
  to   space 8192K, 0% used [0x00000000ddd80000,0x00000000ddd80000,0x00000000de580000)
 ParOldGen       total 49152K, used 8472K [0x0000000080000000, 0x0000000083000000, 0x00000000d5580000)
  object space 49152K, 17% used [0x0000000080000000,0x0000000080846220,0x0000000083000000)
 Metaspace       used 20805K, capacity 21074K, committed 21296K, reserved 1069056K
  class space    used 2311K, capacity 2423K, committed 2432K, reserved 1048576K
}
Event: 4.669 GC heap before
{Heap before GC invocations=9 (full 1):
 PSYoungGen      total 139264K, used 129536K [0x00000000d5580000, 0x00000000de880000, 0x0000000100000000)
  eden space 129536K, 100% used [0x00000000d5580000,0x00000000dd400000,0x00000000dd400000)
  from space 9728K, 0% used [0x00000000dd400000,0x00000000dd400000,0x00000000ddd80000)
  to   space 8192K, 0% used [0x00000000ddd80000,0x00000000ddd80000,0x00000000de580000)
 ParOldGen       total 49152K, used 8472K [0x0000000080000000, 0x0000000083000000, 0x00000000d5580000)
  object space 49152K, 17% used [0x0000000080000000,0x0000000080846220,0x0000000083000000)
 Metaspace       used 22241K, capacity 22590K, committed 22960K, reserved 1069056K
  class space    used 2434K, capacity 2542K, committed 2560K, reserved 1048576K
Event: 4.671 GC heap after
Heap after GC invocations=9 (full 1):
 PSYoungGen      total 137728K, used 2746K [0x00000000d5580000, 0x00000000de880000, 0x0000000100000000)
  eden space 129536K, 0% used [0x00000000d5580000,0x00000000d5580000,0x00000000dd400000)
  from space 8192K, 33% used [0x00000000ddd80000,0x00000000de02ea30,0x00000000de580000)
  to   space 9728K, 0% used [0x00000000dd400000,0x00000000dd400000,0x00000000ddd80000)
 ParOldGen       total 49152K, used 8480K [0x0000000080000000, 0x0000000083000000, 0x00000000d5580000)
  object space 49152K, 17% used [0x0000000080000000,0x0000000080848220,0x0000000083000000)
 Metaspace       used 22241K, capacity 22590K, committed 22960K, reserved 1069056K
  class space    used 2434K, capacity 2542K, committed 2560K, reserved 1048576K
}

